<?xml version="1.0" encoding="UTF-8"?>
<testng-results skipped="0" failed="0" ignored="0" total="1" passed="1">
  <reporter-output>
    <line>
      <![CDATA[Page: Online Jewellery Shopping Store India | Buy Gold and Diamond jewellery with Latest Designs 2019 | BlueStone.com]]>
    </line>
    <line>
      <![CDATA[Page: Stores | BlueStone.com]]>
    </line>
    <line>
      <![CDATA[Pass: 1]]>
    </line>
    <line>
      <![CDATA[Fail: 0]]>
    </line>
    <line>
      <![CDATA[Skip: 0]]>
    </line>
  </reporter-output>
  <suite name="Default suite" duration-ms="26943" started-at="2019-08-07T10:17:27Z" finished-at="2019-08-07T10:17:54Z">
    <groups>
    </groups>
    <test name="Default test" duration-ms="26943" started-at="2019-08-07T10:17:27Z" finished-at="2019-08-07T10:17:54Z">
      <class name="bluestone.script.Stores">
        <test-method status="PASS" signature="setDateForReport()[pri:0, instance:bluestone.script.Stores@5702b3b1]" name="setDateForReport" is-config="true" duration-ms="106" started-at="2019-08-07T10:17:27Z" finished-at="2019-08-07T10:17:27Z">
          <reporter-output>
          </reporter-output>
        </test-method> <!-- setDateForReport -->
        <test-method status="PASS" signature="openBrowser()[pri:0, instance:bluestone.script.Stores@5702b3b1]" name="openBrowser" is-config="true" duration-ms="8566" started-at="2019-08-07T10:17:27Z" finished-at="2019-08-07T10:17:35Z">
          <reporter-output>
          </reporter-output>
        </test-method> <!-- openBrowser -->
        <test-method status="PASS" signature="getStoreMaps()[pri:0, instance:bluestone.script.Stores@5702b3b1]" name="getStoreMaps" duration-ms="17042" started-at="2019-08-07T10:17:35Z" finished-at="2019-08-07T10:17:53Z">
          <reporter-output>
            <line>
              <![CDATA[Page: Online Jewellery Shopping Store India | Buy Gold and Diamond jewellery with Latest Designs 2019 | BlueStone.com]]>
            </line>
            <line>
              <![CDATA[Page: Stores | BlueStone.com]]>
            </line>
          </reporter-output>
        </test-method> <!-- getStoreMaps -->
        <test-method status="PASS" signature="closeBrowser(org.testng.ITestResult)[pri:0, instance:bluestone.script.Stores@5702b3b1]" name="closeBrowser" is-config="true" duration-ms="1181" started-at="2019-08-07T10:17:53Z" finished-at="2019-08-07T10:17:54Z">
          <params>
            <param index="0">
              <value>
                <![CDATA[[TestResult name=getStoreMaps status=SUCCESS method=Stores.getStoreMaps()[pri:0, instance:bluestone.script.Stores@5702b3b1] output=Page: Online Jewellery Shopping Store India | Buy Gold and Diamond jewellery with Latest Designs 2019 | BlueStone.com]]]>
              </value>
            </param>
          </params>
          <reporter-output>
          </reporter-output>
        </test-method> <!-- closeBrowser -->
        <test-method status="PASS" signature="generateReport()[pri:0, instance:bluestone.script.Stores@5702b3b1]" name="generateReport" is-config="true" duration-ms="303" started-at="2019-08-07T10:17:54Z" finished-at="2019-08-07T10:17:54Z">
          <reporter-output>
            <line>
              <![CDATA[Pass: 1]]>
            </line>
            <line>
              <![CDATA[Fail: 0]]>
            </line>
            <line>
              <![CDATA[Skip: 0]]>
            </line>
          </reporter-output>
        </test-method> <!-- generateReport -->
      </class> <!-- bluestone.script.Stores -->
    </test> <!-- Default test -->
  </suite> <!-- Default suite -->
</testng-results>
